\BOOKMARK [0][-]{chapter*.7}{\376\377\000I\000n\000t\000r\000o\000d\000u\000c\000t\000i\000o\000n\000\040\000g\000\351\000n\000\351\000r\000a\000l\000e}{}% 1
\BOOKMARK [0][-]{chapter.1}{\376\377\000C\000o\000n\000t\000e\000x\000t\000e\000\040\000g\000\351\000n\000\351\000r\000a\000l\000\040\000e\000t\000\040\000c\000o\000m\000p\000r\000\351\000h\000e\000n\000s\000i\000o\000n\000\040\000m\000\351\000t\000i\000e\000r}{}% 2
\BOOKMARK [1][-]{section.1.1}{\376\377\000I\000n\000t\000r\000o\000d\000u\000c\000t\000i\000o\000n}{chapter.1}% 3
\BOOKMARK [1][-]{section.1.2}{\376\377\000P\000r\000\351\000s\000e\000n\000t\000a\000t\000i\000o\000n\000\040\000d\000e\000\040\000l\040\031\000e\000n\000t\000r\000e\000p\000r\000i\000s\000e}{chapter.1}% 4
\BOOKMARK [1][-]{section.1.3}{\376\377\000P\000r\000\351\000s\000e\000n\000t\000a\000t\000i\000o\000n\000\040\000d\000u\000\040\000d\000o\000m\000a\000i\000n\000e}{chapter.1}% 5
\BOOKMARK [1][-]{section.1.4}{\376\377\000G\000e\000s\000t\000i\000o\000n\000\040\000t\000r\000a\000d\000i\000t\000i\000o\000n\000n\000e\000l\000l\000e\000\040\000d\000e\000s\000\040\000r\000\351\000c\000l\000a\000m\000a\000t\000i\000o\000n\000s}{chapter.1}% 6
\BOOKMARK [1][-]{section.1.5}{\376\377\000P\000r\000o\000b\000l\000\351\000m\000a\000t\000i\000q\000u\000e\000\040\000d\000\351\000t\000a\000i\000l\000l\000\351\000e}{chapter.1}% 7
\BOOKMARK [1][-]{section.1.6}{\376\377\000\311\000t\000u\000d\000e\000\040\000d\000e\000\040\000l\040\031\000e\000x\000i\000s\000t\000a\000n\000t}{chapter.1}% 8
\BOOKMARK [1][-]{section.1.7}{\376\377\000O\000b\000j\000e\000c\000t\000i\000f\000s\000\040\000d\000u\000\040\000p\000r\000o\000j\000e\000t\000\040\000e\000t\000\040\000s\000o\000l\000u\000t\000i\000o\000n\000\040\000p\000r\000o\000p\000o\000s\000\351\000e}{chapter.1}% 9
\BOOKMARK [1][-]{section.1.8}{\376\377\000P\000\351\000r\000i\000m\000\350\000t\000r\000e\000\040\000d\000u\000\040\000p\000r\000o\000j\000e\000t}{chapter.1}% 10
\BOOKMARK [1][-]{section.1.9}{\376\377\000M\000\351\000t\000h\000o\000d\000o\000l\000o\000g\000i\000e\000\040\000C\000R\000I\000S\000P\000-\000D\000M}{chapter.1}% 11
\BOOKMARK [1][-]{section.1.10}{\376\377\000C\000o\000n\000c\000l\000u\000s\000i\000o\000n}{chapter.1}% 12
\BOOKMARK [0][-]{chapter.2}{\376\377\000A\000n\000a\000l\000y\000s\000e\000\040\000d\000e\000s\000\040\000b\000e\000s\000o\000i\000n\000s\000\040\000e\000t\000\040\000s\000p\000\351\000c\000i\000f\000i\000c\000a\000t\000i\000o\000n}{}% 13
\BOOKMARK [1][-]{section.2.1}{\376\377\000I\000n\000t\000r\000o\000d\000u\000c\000t\000i\000o\000n}{chapter.2}% 14
\BOOKMARK [1][-]{section.2.2}{\376\377\000I\000d\000e\000n\000t\000i\000f\000i\000c\000a\000t\000i\000o\000n\000\040\000d\000e\000s\000\040\000a\000c\000t\000e\000u\000r\000s}{chapter.2}% 15
\BOOKMARK [1][-]{section.2.3}{\376\377\000B\000e\000s\000o\000i\000n\000s\000\040\000f\000o\000n\000c\000t\000i\000o\000n\000n\000e\000l\000s}{chapter.2}% 16
\BOOKMARK [1][-]{section.2.4}{\376\377\000B\000e\000s\000o\000i\000n\000s\000\040\000n\000o\000n\000\040\000f\000o\000n\000c\000t\000i\000o\000n\000n\000e\000l\000s}{chapter.2}% 17
\BOOKMARK [1][-]{section.2.5}{\376\377\000D\000i\000a\000g\000r\000a\000m\000m\000e\000\040\000d\000e\000\040\000c\000a\000s\000\040\000d\040\031\000u\000t\000i\000l\000i\000s\000a\000t\000i\000o\000n\000\040\000g\000\351\000n\000\351\000r\000a\000l}{chapter.2}% 18
\BOOKMARK [1][-]{section.2.6}{\376\377\000D\000i\000a\000g\000r\000a\000m\000m\000e\000\040\000d\000e\000\040\000c\000a\000s\000\040\000d\040\031\000u\000t\000i\000l\000i\000s\000a\000t\000i\000o\000n\000\040\000d\000\351\000t\000a\000i\000l\000l\000\351}{chapter.2}% 19
\BOOKMARK [1][-]{section.2.7}{\376\377\000F\000i\000c\000h\000e\000s\000\040\000d\000e\000s\000c\000r\000i\000p\000t\000i\000v\000e\000s\000\040\000d\000e\000s\000\040\000c\000a\000s\000\040\000d\040\031\000u\000t\000i\000l\000i\000s\000a\000t\000i\000o\000n}{chapter.2}% 20
\BOOKMARK [1][-]{section.2.8}{\376\377\000C\000o\000n\000c\000l\000u\000s\000i\000o\000n}{chapter.2}% 21
\BOOKMARK [0][-]{chapter.3}{\376\377\000C\000o\000n\000c\000e\000p\000t\000i\000o\000n\000\040\000d\000e\000\040\000l\000a\000\040\000s\000o\000l\000u\000t\000i\000o\000n}{}% 22
\BOOKMARK [1][-]{section.3.1}{\376\377\000I\000n\000t\000r\000o\000d\000u\000c\000t\000i\000o\000n}{chapter.3}% 23
\BOOKMARK [1][-]{section.3.2}{\376\377\000E\000n\000v\000i\000r\000o\000n\000n\000e\000m\000e\000n\000t\000\040\000t\000e\000c\000h\000n\000i\000q\000u\000e}{chapter.3}% 24
\BOOKMARK [1][-]{section.3.3}{\376\377\000A\000r\000c\000h\000i\000t\000e\000c\000t\000u\000r\000e\000\040\000g\000l\000o\000b\000a\000l\000e\000\040\000d\000u\000\040\000s\000y\000s\000t\000\350\000m\000e}{chapter.3}% 25
\BOOKMARK [1][-]{section.3.4}{\376\377\000D\000i\000a\000g\000r\000a\000m\000m\000e\000s\000\040\000U\000M\000L}{chapter.3}% 26
\BOOKMARK [2][-]{subsection.3.4.1}{\376\377\000D\000i\000a\000g\000r\000a\000m\000m\000e\000\040\000d\000e\000\040\000c\000l\000a\000s\000s\000e\000s}{section.3.4}% 27
\BOOKMARK [2][-]{subsection.3.4.2}{\376\377\000D\000i\000a\000g\000r\000a\000m\000m\000e\000s\000\040\000d\000e\000\040\000s\000\351\000q\000u\000e\000n\000c\000e}{section.3.4}% 28
\BOOKMARK [1][-]{section.3.5}{\376\377\000C\000o\000n\000c\000e\000p\000t\000i\000o\000n\000\040\000d\000e\000\040\000l\000a\000\040\000b\000a\000s\000e\000\040\000d\000e\000\040\000d\000o\000n\000n\000\351\000e\000s}{chapter.3}% 29
\BOOKMARK [1][-]{section.3.6}{\376\377\000C\000o\000n\000c\000e\000p\000t\000i\000o\000n\000\040\000d\000e\000s\000\040\000A\000P\000I}{chapter.3}% 30
\BOOKMARK [1][-]{section.3.7}{\376\377\000C\000o\000n\000c\000e\000p\000t\000i\000o\000n\000\040\000d\000u\000\040\000m\000o\000d\000u\000l\000e\000\040\000N\000L\000P}{chapter.3}% 31
\BOOKMARK [1][-]{section.3.8}{\376\377\000C\000o\000n\000c\000l\000u\000s\000i\000o\000n}{chapter.3}% 32
\BOOKMARK [0][-]{chapter.4}{\376\377\000C\000o\000m\000p\000r\000\351\000h\000e\000n\000s\000i\000o\000n\000,\000\040\000C\000o\000l\000l\000e\000c\000t\000e\000\040\000e\000t\000\040\000p\000r\000\351\000p\000a\000r\000a\000t\000i\000o\000n\000\040\000d\000e\000s\000\040\000d\000o\000n\000n\000\351\000e\000s}{}% 33
\BOOKMARK [1][-]{section.4.1}{\376\377\000I\000n\000t\000r\000o\000d\000u\000c\000t\000i\000o\000n}{chapter.4}% 34
\BOOKMARK [1][-]{section.4.2}{\376\377\000S\000o\000u\000r\000c\000e\000s\000\040\000d\000e\000\040\000d\000o\000n\000n\000\351\000e\000s}{chapter.4}% 35
\BOOKMARK [1][-]{section.4.3}{\376\377\000C\000o\000m\000p\000r\000\351\000h\000e\000n\000s\000i\000o\000n\000\040\000d\000e\000s\000\040\000d\000o\000n\000n\000\351\000e\000s\000\040\000c\000o\000l\000l\000e\000c\000t\000\351\000e\000s}{chapter.4}% 36
\BOOKMARK [2][-]{subsection.4.3.1}{\376\377\000P\000r\000o\000b\000l\000\350\000m\000e\000s\000\040\000i\000d\000e\000n\000t\000i\000f\000i\000\351\000s\000\040\000d\000a\000n\000s\000\040\000l\000e\000s\000\040\000d\000o\000n\000n\000\351\000e\000s}{section.4.3}% 37
\BOOKMARK [1][-]{section.4.4}{\376\377\000C\000o\000n\000f\000i\000d\000e\000n\000t\000i\000a\000l\000i\000t\000\351\000\040\000d\000e\000s\000\040\000d\000o\000n\000n\000\351\000e\000s\000\040\000e\000t\000\040\000l\000i\000m\000i\000t\000e\000s\000\040\000d\000e\000\040\000l\000a\000\040\000c\000o\000l\000l\000e\000c\000t\000e}{chapter.4}% 38
\BOOKMARK [1][-]{section.4.5}{\376\377\000M\000\351\000t\000h\000o\000d\000e\000s\000\040\000d\000e\000\040\000c\000o\000l\000l\000e\000c\000t\000e}{chapter.4}% 39
\BOOKMARK [1][-]{section.4.6}{\376\377\000D\000e\000s\000c\000r\000i\000p\000t\000i\000o\000n\000\040\000d\000e\000s\000\040\000d\000o\000n\000n\000\351\000e\000s}{chapter.4}% 40
\BOOKMARK [1][-]{section.4.7}{\376\377\000N\000e\000t\000t\000o\000y\000a\000g\000e\000\040\000e\000t\000\040\000p\000r\000\351\000t\000r\000a\000i\000t\000e\000m\000e\000n\000t\000\040\000d\000e\000s\000\040\000d\000o\000n\000n\000\351\000e\000s}{chapter.4}% 41
\BOOKMARK [1][-]{section.4.8}{\376\377\000S\000t\000o\000c\000k\000a\000g\000e\000\040\000i\000n\000i\000t\000i\000a\000l}{chapter.4}% 42
\BOOKMARK [1][-]{section.4.9}{\376\377\000C\000o\000n\000c\000l\000u\000s\000i\000o\000n}{chapter.4}% 43
\BOOKMARK [0][-]{chapter.5}{\376\377\000T\000r\000a\000i\000t\000e\000m\000e\000n\000t\000\040\000i\000n\000t\000e\000l\000l\000i\000g\000e\000n\000t\000\040\000d\000e\000s\000\040\000r\000\351\000c\000l\000a\000m\000a\000t\000i\000o\000n\000s\000\040\000e\000t\000\040\000a\000n\000a\000l\000y\000s\000e\000\040\000d\000e\000s\000\040\000r\000\351\000s\000u\000l\000t\000a\000t\000s}{}% 44
\BOOKMARK [1][-]{section.5.1}{\376\377\000I\000n\000t\000r\000o\000d\000u\000c\000t\000i\000o\000n}{chapter.5}% 45
\BOOKMARK [1][-]{section.5.2}{\376\377\000E\000x\000p\000l\000o\000r\000a\000t\000i\000o\000n\000\040\000e\000t\000\040\000d\000e\000s\000c\000r\000i\000p\000t\000i\000o\000n\000\040\000d\000e\000s\000\040\000d\000o\000n\000n\000\351\000e\000s}{chapter.5}% 46
\BOOKMARK [1][-]{section.5.3}{\376\377\000P\000r\000\351\000t\000r\000a\000i\000t\000e\000m\000e\000n\000t\000\040\000N\000L\000P}{chapter.5}% 47
\BOOKMARK [1][-]{section.5.4}{\376\377\000M\000o\000d\000\351\000l\000i\000s\000a\000t\000i\000o\000n\000\040\000e\000t\000\040\000c\000l\000a\000s\000s\000i\000f\000i\000c\000a\000t\000i\000o\000n\000\040\000d\000e\000s\000\040\000d\000o\000n\000n\000\351\000e\000s}{chapter.5}% 48
\BOOKMARK [1][-]{section.5.5}{\376\377\000R\000\351\000s\000u\000l\000t\000a\000t\000s\000\040\000d\040\031\000e\000n\000t\000r\000a\000\356\000n\000e\000m\000e\000n\000t\000\040\000d\000e\000s\000\040\000m\000o\000d\000\350\000l\000e\000s}{chapter.5}% 49
\BOOKMARK [1][-]{section.5.6}{\376\377\000S\000c\000o\000r\000e\000\040\000d\040\031\000u\000r\000g\000e\000n\000c\000e}{chapter.5}% 50
\BOOKMARK [1][-]{section.5.7}{\376\377\000T\000e\000s\000t\000s\000\040\000e\000t\000\040\000v\000a\000l\000i\000d\000a\000t\000i\000o\000n\000\040\000d\000u\000\040\000m\000o\000d\000u\000l\000e\000\040\000i\000n\000t\000e\000l\000l\000i\000g\000e\000n\000t}{chapter.5}% 51
\BOOKMARK [1][-]{section.5.8}{\376\377\000D\000i\000s\000c\000u\000s\000s\000i\000o\000n\000\040\000d\000e\000s\000\040\000r\000\351\000s\000u\000l\000t\000a\000t\000s}{chapter.5}% 52
\BOOKMARK [1][-]{section.5.9}{\376\377\000C\000o\000n\000c\000l\000u\000s\000i\000o\000n}{chapter.5}% 53
\BOOKMARK [0][-]{chapter.6}{\376\377\000D\000\351\000v\000e\000l\000o\000p\000p\000e\000m\000e\000n\000t\000\040\000b\000a\000c\000k\000e\000n\000d\000\040\000e\000t\000\040\000b\000a\000s\000e\000\040\000d\000e\000\040\000d\000o\000n\000n\000\351\000e\000s}{}% 54
\BOOKMARK [1][-]{section.6.1}{\376\377\000I\000n\000t\000r\000o\000d\000u\000c\000t\000i\000o\000n}{chapter.6}% 55
\BOOKMARK [1][-]{section.6.2}{\376\377\000E\000n\000v\000i\000r\000o\000n\000n\000e\000m\000e\000n\000t\000\040\000t\000e\000c\000h\000n\000i\000q\000u\000e\000\040\000b\000a\000c\000k\000e\000n\000d}{chapter.6}% 56
\BOOKMARK [1][-]{section.6.3}{\376\377\000A\000r\000c\000h\000i\000t\000e\000c\000t\000u\000r\000e\000\040\000b\000a\000c\000k\000e\000n\000d}{chapter.6}% 57
\BOOKMARK [1][-]{section.6.4}{\376\377\000C\000o\000n\000c\000e\000p\000t\000i\000o\000n\000\040\000e\000t\000\040\000i\000m\000p\000l\000\351\000m\000e\000n\000t\000a\000t\000i\000o\000n\000\040\000d\000e\000s\000\040\000A\000P\000I}{chapter.6}% 58
\BOOKMARK [1][-]{section.6.5}{\376\377\000G\000e\000s\000t\000i\000o\000n\000\040\000d\000e\000s\000\040\000r\000\351\000c\000l\000a\000m\000a\000t\000i\000o\000n\000s}{chapter.6}% 59
\BOOKMARK [1][-]{section.6.6}{\376\377\000I\000m\000p\000l\000\351\000m\000e\000n\000t\000a\000t\000i\000o\000n\000\040\000d\000e\000\040\000l\000a\000\040\000b\000a\000s\000e\000\040\000d\000e\000\040\000d\000o\000n\000n\000\351\000e\000s}{chapter.6}% 60
\BOOKMARK [1][-]{section.6.7}{\376\377\000G\000e\000s\000t\000i\000o\000n\000\040\000d\000e\000s\000\040\000u\000t\000i\000l\000i\000s\000a\000t\000e\000u\000r\000s}{chapter.6}% 61
\BOOKMARK [1][-]{section.6.8}{\376\377\000T\000e\000s\000t\000s\000\040\000f\000o\000n\000c\000t\000i\000o\000n\000n\000e\000l\000s\000\040\000d\000e\000s\000\040\000A\000P\000I\000\040\000b\000a\000c\000k\000e\000n\000d}{chapter.6}% 62
\BOOKMARK [1][-]{section.6.9}{\376\377\000C\000o\000n\000c\000l\000u\000s\000i\000o\000n}{chapter.6}% 63
\BOOKMARK [0][-]{chapter.7}{\376\377\000D\000\351\000v\000e\000l\000o\000p\000p\000e\000m\000e\000n\000t\000\040\000f\000r\000o\000n\000t\000e\000n\000d\000\040\000e\000t\000\040\000s\000\351\000c\000u\000r\000i\000t\000\351\000\040\000d\000e\000\040\000l\040\031\000a\000p\000p\000l\000i\000c\000a\000t\000i\000o\000n}{}% 64
\BOOKMARK [1][-]{section.7.1}{\376\377\000I\000n\000t\000r\000o\000d\000u\000c\000t\000i\000o\000n}{chapter.7}% 65
\BOOKMARK [1][-]{section.7.2}{\376\377\000P\000r\000\351\000s\000e\000n\000t\000a\000t\000i\000o\000n\000\040\000d\000e\000\040\000l\040\031\000i\000n\000t\000e\000r\000f\000a\000c\000e}{chapter.7}% 66
\BOOKMARK [1][-]{section.7.3}{\376\377\000P\000a\000g\000e\000s\000\040\000p\000r\000i\000n\000c\000i\000p\000a\000l\000e\000s}{chapter.7}% 67
\BOOKMARK [2][-]{subsection.7.3.1}{\376\377\000P\000a\000g\000e\000\040\000d\000e\000\040\000c\000o\000n\000n\000e\000x\000i\000o\000n}{section.7.3}% 68
\BOOKMARK [2][-]{subsection.7.3.2}{\376\377\000T\000a\000b\000l\000e\000a\000u\000\040\000d\000e\000\040\000b\000o\000r\000d\000\040\000p\000r\000i\000n\000c\000i\000p\000a\000l}{section.7.3}% 69
\BOOKMARK [2][-]{subsection.7.3.3}{\376\377\000V\000i\000s\000u\000a\000l\000i\000s\000a\000t\000i\000o\000n\000\040\000e\000t\000\040\000a\000n\000a\000l\000y\000s\000e\000\040\000d\000e\000s\000\040\000d\000o\000n\000n\000\351\000e\000s}{section.7.3}% 70
\BOOKMARK [2][-]{subsection.7.3.4}{\376\377\000I\000n\000d\000i\000c\000a\000t\000e\000u\000r\000s\000\040\000c\000l\000\351\000s\000\040\000d\000e\000\040\000p\000e\000r\000f\000o\000r\000m\000a\000n\000c\000e}{section.7.3}% 71
\BOOKMARK [2][-]{subsection.7.3.5}{\376\377\000R\000\351\000s\000e\000a\000u\000\040\000e\000t\000\040\000a\000n\000n\000u\000a\000i\000r\000e\000\040\000d\000e\000s\000\040\000a\000g\000e\000n\000c\000e\000s}{section.7.3}% 72
\BOOKMARK [2][-]{subsection.7.3.6}{\376\377\000G\000e\000s\000t\000i\000o\000n\000\040\000d\000e\000s\000\040\000r\000\351\000c\000l\000a\000m\000a\000t\000i\000o\000n\000s}{section.7.3}% 73
\BOOKMARK [2][-]{subsection.7.3.7}{\376\377\000D\000\351\000t\000a\000i\000l\000\040\000d\040\031\000u\000n\000e\000\040\000r\000\351\000c\000l\000a\000m\000a\000t\000i\000o\000n}{section.7.3}% 74
\BOOKMARK [1][-]{section.7.4}{\376\377\000F\000o\000n\000c\000t\000i\000o\000n\000n\000a\000l\000i\000t\000\351\000s\000\040\000i\000m\000p\000l\000\351\000m\000e\000n\000t\000\351\000e\000s}{chapter.7}% 75
\BOOKMARK [2][-]{subsection.7.4.1}{\376\377\000D\000i\000f\000f\000\351\000r\000e\000n\000c\000e\000s\000\040\000e\000n\000t\000r\000e\000\040\000l\040\031\000i\000n\000t\000e\000r\000f\000a\000c\000e\000\040\000a\000g\000e\000n\000t\000\040\000e\000t\000\040\000l\040\031\000i\000n\000t\000e\000r\000f\000a\000c\000e\000\040\000a\000d\000m\000i\000n\000i\000s\000t\000r\000a\000t\000e\000u\000r}{section.7.4}% 76
\BOOKMARK [2][-]{subsection.7.4.2}{\376\377\000R\000e\000c\000l\000a\000s\000s\000i\000f\000i\000c\000a\000t\000i\000o\000n\000\040\000m\000a\000n\000u\000e\000l\000l\000e\000\040\000d\000e\000s\000\040\000r\000\351\000c\000l\000a\000m\000a\000t\000i\000o\000n\000s}{section.7.4}% 77
\BOOKMARK [2][-]{subsection.7.4.3}{\376\377\000A\000u\000t\000h\000e\000n\000t\000i\000f\000i\000c\000a\000t\000i\000o\000n\000\040\000e\000t\000\040\000c\000o\000n\000t\000r\000\364\000l\000e\000\040\000d\040\031\000a\000c\000c\000\350\000s}{section.7.4}% 78
\BOOKMARK [2][-]{subsection.7.4.4}{\376\377\000G\000e\000s\000t\000i\000o\000n\000\040\000d\000e\000s\000\040\000u\000t\000i\000l\000i\000s\000a\000t\000e\000u\000r\000s}{section.7.4}% 79
\BOOKMARK [2][-]{subsection.7.4.5}{\376\377\000N\000o\000t\000i\000f\000i\000c\000a\000t\000i\000o\000n\000s\000\040\000e\000t\000\040\000e\000n\000v\000o\000i\000\040\000d\040\031\000e\000m\000a\000i\000l\000s}{section.7.4}% 80
\BOOKMARK [2][-]{subsection.7.4.6}{\376\377\000S\000\351\000c\000u\000r\000i\000t\000\351\000\040\000d\000e\000s\000\040\000d\000o\000n\000n\000\351\000e\000s}{section.7.4}% 81
\BOOKMARK [1][-]{section.7.5}{\376\377\000C\000o\000n\000c\000l\000u\000s\000i\000o\000n}{chapter.7}% 82
\BOOKMARK [0][-]{chapter*.81}{\376\377\000C\000o\000n\000c\000l\000u\000s\000i\000o\000n\000\040\000g\000\351\000n\000\351\000r\000a\000l\000e}{}% 83
\BOOKMARK [0][-]{chapter*.82}{\376\377\000B\000i\000b\000l\000i\000o\000g\000r\000a\000p\000h\000i\000e}{}% 84
\BOOKMARK [0][-]{chapter*.83}{\376\377\000A\000n\000n\000e\000x\000e\000\040\000A\000\040\000:\000\040\000D\000i\000a\000g\000r\000a\000m\000m\000e\000s\000\040\000U\000M\000L}{}% 85
\BOOKMARK [0][-]{chapter*.85}{\376\377\000A\000n\000n\000e\000x\000e\000\040\000B\000\040\000:\000\040\000R\000\350\000g\000l\000e\000s\000\040\000d\000e\000\040\000g\000e\000s\000t\000i\000o\000n\000\040\000p\000r\000i\000n\000c\000i\000p\000a\000l\000e\000s}{}% 86
\BOOKMARK [0][-]{chapter*.86}{\376\377\000A\000n\000n\000e\000x\000e\000\040\000C\000\040\000:\000\040\000D\000o\000c\000u\000m\000e\000n\000t\000a\000t\000i\000o\000n\000\040\000A\000P\000I}{}% 87
\BOOKMARK [0][-]{chapter*.90}{\376\377\000A\000n\000n\000e\000x\000e\000\040\000D\000\040\000:\000\040\000E\000x\000e\000m\000p\000l\000e\000s\000\040\000d\000e\000\040\000r\000\351\000s\000u\000l\000t\000a\000t\000s\000\040\000o\000b\000t\000e\000n\000u\000s}{}% 88
\BOOKMARK [1][-]{subsection.7.5.1}{\376\377\000E\000x\000e\000m\000p\000l\000e\000\040\000d\000e\000\040\000c\000o\000m\000m\000e\000n\000t\000a\000i\000r\000e\000\040\000a\000p\000r\000\350\000s\000\040\000p\000r\000\351\000t\000r\000a\000i\000t\000e\000m\000e\000n\000t}{chapter*.90}% 89
\BOOKMARK [2][-]{subsection.7.5.2}{\376\377\000R\000\351\000p\000a\000r\000t\000i\000t\000i\000o\000n\000\040\000d\000u\000\040\000d\000a\000t\000a\000s\000e\000t}{subsection.7.5.1}% 90
\BOOKMARK [2][-]{subsection.7.5.3}{\376\377\000E\000x\000e\000m\000p\000l\000e\000\040\000d\000e\000\040\000r\000\351\000s\000u\000l\000t\000a\000t\000\040\000N\000L\000P}{subsection.7.5.1}% 91
